[?1049h[?1000h[?1003h[?1015h[?1006h[?25l[?1004h[>1u[?2048$p[?2004h[?7l[?1000h[?1003h[?1015h[?1006h]22;default[1;1H[38;2;1;120;212;48;2;27;27;27m                                                                                                                                                      [0m
[2;1H[38;2;1;120;212;48;2;27;27;27m                                                                                                                                                      [0m
[3;1H[38;2;1;120;212;48;2;27;27;27m                                                                      [0m[38;2;30;131;224;48;2;27;27;27m● [0m[38;2;23;36;45;48;2;27;27;27m● [0m[38;2;22;38;51;48;2;27;27;27m● [0m[38;2;20;45;65;48;2;27;27;27m● [0m[38;2;17;56;86;48;2;27;27;27m●[0m[38;2;1;120;212;48;2;27;27;27m                                                                       [0m
[4;1H[38;2;1;120;212;48;2;27;27;27m                                                                                                                                                      [0m
[5;1H[38;2;1;120;212;48;2;27;27;27m                                                                                                                                                      [0m
[6;1H[38;2;1;120;212;48;2;27;27;27m                                                                                                                                                      [0m
[9;24H[1;38;2;1;120;212;48;2;18;18;18m                                         [0m[1;38;2;1;120;212;48;2;18;18;18mWhat is Textual?[0m[1;38;2;1;120;212;48;2;18;18;18m                                          [0m[9;123H
[11;24H[38;2;224;224;224;48;2;18;18;18mSnappy, keyboard-centric, applications that run in the terminal and [0m[4;38;2;224;224;224;48;2;18;18;18mthe web[0m[38;2;224;224;224;48;2;18;18;18m.[0m[48;2;18;18;18m                       [0m[11;123H
[13;24H[38;2;224;224;224;48;2;18;18;18m🐍 All you need is Python![0m[48;2;18;18;18m                                                                         [0m[13;123H
[34;24H[48;2;30;30;30m [0m[38;2;224;224;224;48;2;30;30;30m▶ Textual Interfaces[0m[48;2;30;30;30m [0m[34;46H
[37;24H[48;2;30;30;30m [0m[38;2;224;224;224;48;2;30;30;30m▶ Textual API[0m[48;2;30;30;30m [0m[37;39H
[40;24H[48;2;30;30;30m [0m[38;2;224;224;224;48;2;30;30;30m▶ Deploying Textual apps[0m[48;2;30;30;30m [0m[40;50H
[44;1H[1;38;2;255;166;43;48;2;36;47;56m c [0m[38;2;224;224;224;48;2;36;47;56mCode [0m[44;9H[1;38;2;180;125;47;48;2;36;47;56m h [0m[38;2;160;163;166;48;2;36;47;56mHome [0m[44;17H[1;38;2;255;166;43;48;2;36;47;56m g [0m[38;2;224;224;224;48;2;36;47;56mGame [0m[44;25H[1;38;2;255;166;43;48;2;36;47;56m p [0m[38;2;224;224;224;48;2;36;47;56mProjects [0m[44;37H[1;38;2;255;166;43;48;2;36;47;56m w [0m[38;2;224;224;224;48;2;36;47;56mWidgets [0m[44;48H[1;38;2;255;166;43;48;2;36;47;56m ^s [0m[38;2;224;224;224;48;2;36;47;56mScreenshot [0m[44;63H[1;38;2;255;166;43;48;2;36;47;56m ^a [0m[38;2;224;224;224;48;2;36;47;56mMaximize [0m[44;76H[48;2;36;47;56m                                                               [0m[44;139H[38;2;73;82;89;48;2;36;47;56m▏[0m[1;38;2;255;166;43;48;2;36;47;56m^p[0m[38;2;224;224;224;48;2;36;47;56m palette[0m[48;2;36;47;56m [0m[1;1H[44;1H[1;38;2;255;166;43;48;2;36;47;56m c [0m[38;2;224;224;224;48;2;36;47;56mCode [0m[44;9H[1;38;2;180;125;47;48;2;36;47;56m h [0m[38;2;160;163;166;48;2;36;47;56mHome [0m[44;17H[1;38;2;255;166;43;48;2;36;47;56m g [0m[38;2;224;224;224;48;2;36;47;56mGame [0m[44;25H[1;38;2;255;166;43;48;2;36;47;56m p [0m[38;2;224;224;224;48;2;36;47;56mProjects [0m[44;37H[1;38;2;255;166;43;48;2;36;47;56m w [0m[38;2;224;224;224;48;2;36;47;56mWidgets [0m[44;48H[1;38;2;255;166;43;48;2;36;47;56m ^s [0m[38;2;224;224;224;48;2;36;47;56mScreenshot [0m[44;63H[1;38;2;255;166;43;48;2;36;47;56m ^a [0m[38;2;224;224;224;48;2;36;47;56mMaximize [0m[44;76H[48;2;36;47;56m                                                               [0m[44;139H[38;2;73;82;89;48;2;36;47;56m▏[0m[1;38;2;255;166;43;48;2;36;47;56m^p[0m[38;2;224;224;224;48;2;36;47;56m palette[0m[48;2;36;47;56m [0m[1;1H[1;1H[38;2;1;120;212;48;2;27;27;27m                                                                                                                                                      [0m
[2;1H[38;2;1;120;212;48;2;27;27;27m                                                                                                                                                      [0m
[3;1H[38;2;1;120;212;48;2;27;27;27m                                                                      [0m[38;2;30;131;224;48;2;27;27;27m● [0m[38;2;23;36;45;48;2;27;27;27m● [0m[38;2;22;38;51;48;2;27;27;27m● [0m[38;2;20;45;65;48;2;27;27;27m● [0m[38;2;17;56;86;48;2;27;27;27m●[0m[38;2;1;120;212;48;2;27;27;27m                                                                       [0m
[4;1H[38;2;1;120;212;48;2;27;27;27m                                                                                                                                                      [0m
[5;1H[38;2;1;120;212;48;2;27;27;27m                                                                                                                                                      [0m
[6;1H[38;2;1;120;212;48;2;27;27;27m                                                                                                                                                      [0m
[7;1H[48;2;18;18;18m [0m[48;2;18;18;18m                      [0m[48;2;18;18;18m                                                                                                   [0m[48;2;18;18;18m [0m[48;2;18;18;18m                          [0m[48;2;18;18;18m [0m
[8;1H[48;2;18;18;18m [0m[48;2;18;18;18m                      [0m[48;2;18;18;18m                                                                                                   [0m[48;2;18;18;18m [0m[48;2;18;18;18m                          [0m[48;2;18;18;18m [0m
[9;1H[48;2;18;18;18m [0m[48;2;18;18;18m                      [0m[1;38;2;1;120;212;48;2;18;18;18m                                         [0m[1;38;2;1;120;212;48;2;18;18;18mWhat is Textual?[0m[1;38;2;1;120;212;48;2;18;18;18m                                          [0m[48;2;18;18;18m [0m[48;2;18;18;18m                          [0m[48;2;18;18;18m [0m
[10;1H[48;2;18;18;18m [0m[48;2;18;18;18m                      [0m[48;2;18;18;18m                                                                                                   [0m[48;2;18;18;18m [0m[48;2;18;18;18m                          [0m[48;2;18;18;18m [0m
[11;1H[48;2;18;18;18m [0m[48;2;18;18;18m                      [0m[38;2;224;224;224;48;2;18;18;18mSnappy, keyboard-centric, applications that run in the terminal and [0m[4;38;2;224;224;224;48;2;18;18;18mthe web[0m[38;2;224;224;224;48;2;18;18;18m.[0m[48;2;18;18;18m                       [0m[48;2;18;18;18m [0m[48;2;18;18;18m                          [0m[48;2;18;18;18m [0m
[12;1H[48;2;18;18;18m [0m[48;2;18;18;18m                      [0m[48;2;18;18;18m                                                                                                   [0m[48;2;18;18;18m [0m[48;2;18;18;18m                          [0m[48;2;18;18;18m [0m
[13;1H[48;2;18;18;18m [0m[48;2;18;18;18m                      [0m[38;2;224;224;224;48;2;18;18;18m🐍 All you need is Python![0m[48;2;18;18;18m                                                                         [0m[48;2;18;18;18m [0m[48;2;18;18;18m                          [0m[48;2;18;18;18m [0m
[14;1H[48;2;18;18;18m [0m[48;2;18;18;18m                      [0m[48;2;18;18;18m                                                                                                   [0m[48;2;18;18;18m [0m[48;2;18;18;18m                          [0m[48;2;18;18;18m [0m
[15;1H[48;2;18;18;18m [0m[48;2;18;18;18m                      [0m[38;2;18;18;18;48;2;39;39;39m▔▔▔▔▔▔▔▔▔▔▔▔▔▔▔▔▔▔▔▔▔▔▔▔▔▔▔▔▔▔▔▔▔▔▔▔▔▔▔▔▔▔▔▔▔▔▔▔▔▔▔▔▔▔▔▔▔▔▔▔▔▔▔▔▔▔▔▔▔▔▔▔▔▔▔▔▔▔▔▔▔▔▔▔▔▔▔▔▔▔▔▔▔▔▔▔▔▔▔▔[0m[48;2;18;18;18m                          [0m[48;2;18;18;18m [0m
[16;1H[48;2;18;18;18m [0m[48;2;18;18;18m                      [0m[48;2;1;120;212m [0m[1;38;2;221;237;249;48;2;1;120;212m▼ Welcome[0m[48;2;1;120;212m [0m[48;2;39;39;39m                                                                                         [0m[48;2;18;18;18m                          [0m[48;2;18;18;18m [0m
[17;1H[48;2;18;18;18m [0m[48;2;18;18;18m                      [0m[48;2;39;39;39m                                                                                                    [0m[48;2;18;18;18m                          [0m[48;2;18;18;18m [0m
[18;1H[48;2;18;18;18m [0m[48;2;18;18;18m                      [0m[48;2;39;39;39m   [0m[48;2;39;39;39m                                                                                               [0m[48;2;39;39;39m [0m[48;2;39;39;39m [0m[48;2;18;18;18m                          [0m[48;2;18;18;18m [0m
[19;1H[48;2;18;18;18m [0m[48;2;18;18;18m                      [0m[48;2;39;39;39m   [0m[48;2;39;39;39m                                                                                               [0m[48;2;39;39;39m [0m[48;2;39;39;39m [0m[48;2;18;18;18m                          [0m[48;2;18;18;18m [0m
[20;1H[48;2;18;18;18m [0m[48;2;18;18;18m                      [0m[48;2;39;39;39m   [0m[4;38;2;1;120;212;48;2;39;39;39mWelcome keyboard warriors![0m[48;2;39;39;39m                                                                     [0m[48;2;39;39;39m [0m[48;2;39;39;39m [0m[48;2;18;18;18m                          [0m[48;2;18;18;18m [0m
[21;1H[48;2;18;18;18m [0m[48;2;18;18;18m                      [0m[48;2;39;39;39m   [0m[48;2;39;39;39m                                                                                               [0m[48;2;39;39;39m [0m[48;2;39;39;39m [0m[48;2;18;18;18m                          [0m[48;2;18;18;18m [0m
[22;1H[48;2;18;18;18m [0m[48;2;18;18;18m                      [0m[48;2;39;39;39m   [0m[38;2;224;224;224;48;2;39;39;39mThis is a Textual app. Here's what you need to know:[0m[48;2;39;39;39m                                           [0m[48;2;39;39;39m [0m[48;2;39;39;39m [0m[48;2;18;18;18m                          [0m[48;2;18;18;18m [0m
[23;1H[48;2;18;18;18m [0m[48;2;18;18;18m                      [0m[48;2;39;39;39m   [0m[48;2;39;39;39m                                                                                               [0m[48;2;39;39;39m [0m[48;2;39;39;39m [0m[48;2;18;18;18m                          [0m[48;2;18;18;18m [0m
[24;1H[48;2;18;18;18m [0m[48;2;18;18;18m                      [0m[48;2;39;39;39m   [0m[38;2;87;165;226;48;2;39;39;39m• [0m[1;38;2;224;224;224;48;2;39;39;39menter[0m[38;2;224;224;224;48;2;39;39;39m [0m[38;2;245;188;111;48;2;56;48;38mtoggle this collapsible widget[0m[48;2;39;39;39m                                                         [0m[48;2;39;39;39m [0m[48;2;39;39;39m [0m[48;2;18;18;18m                          [0m[48;2;18;18;18m [0m
[25;1H[48;2;18;18;18m [0m[48;2;18;18;18m                      [0m[48;2;39;39;39m   [0m[38;2;87;165;226;48;2;39;39;39m• [0m[1;38;2;224;224;224;48;2;39;39;39mtab[0m[38;2;224;224;224;48;2;39;39;39m [0m[38;2;245;188;111;48;2;56;48;38mfocus the next widget[0m[48;2;39;39;39m                                                                    [0m[48;2;39;39;39m [0m[48;2;39;39;39m [0m[48;2;18;18;18m                          [0m[48;2;18;18;18m [0m
[26;1H[48;2;18;18;18m [0m[48;2;18;18;18m                      [0m[48;2;39;39;39m   [0m[38;2;87;165;226;48;2;39;39;39m• [0m[1;38;2;224;224;224;48;2;39;39;39mshift+tab[0m[38;2;224;224;224;48;2;39;39;39m [0m[38;2;245;188;111;48;2;56;48;38mfocus the previous widget[0m[48;2;39;39;39m                                                          [0m[48;2;39;39;39m [0m[48;2;39;39;39m [0m[48;2;18;18;18m                          [0m[48;2;18;18;18m [0m
[27;1H[48;2;18;18;18m [0m[48;2;18;18;18m                      [0m[48;2;39;39;39m   [0m[38;2;87;165;226;48;2;39;39;39m• [0m[1;38;2;224;224;224;48;2;39;39;39mctrl+p[0m[38;2;224;224;224;48;2;39;39;39m [0m[38;2;245;188;111;48;2;56;48;38msummon the command palette[0m[48;2;39;39;39m                                                            [0m[48;2;39;39;39m [0m[48;2;39;39;39m [0m[48;2;18;18;18m                          [0m[48;2;18;18;18m [0m
[28;1H[48;2;18;18;18m [0m[48;2;18;18;18m                      [0m[48;2;39;39;39m   [0m[48;2;39;39;39m                                                                                               [0m[48;2;39;39;39m [0m[48;2;39;39;39m [0m[48;2;18;18;18m                          [0m[48;2;18;18;18m [0m
[29;1H[48;2;18;18;18m [0m[48;2;18;18;18m                      [0m[48;2;39;39;39m   [0m[38;2;224;224;224;48;2;39;39;39m👇 Also see the footer below.[0m[48;2;39;39;39m                                                                  [0m[48;2;39;39;39m [0m[48;2;39;39;39m [0m[48;2;18;18;18m                          [0m[48;2;18;18;18m [0m
[30;1H[48;2;18;18;18m [0m[48;2;18;18;18m                      [0m[48;2;39;39;39m   [0m[48;2;39;39;39m                                                                                               [0m[48;2;39;39;39m [0m[48;2;39;39;39m [0m[48;2;18;18;18m                          [0m[48;2;18;18;18m [0m
[31;1H[48;2;18;18;18m [0m[48;2;18;18;18m                      [0m[48;2;39;39;39m   [0m[38;2;245;188;111;48;2;56;48;38mOr… click away with the mouse (no judgement).[0m[48;2;39;39;39m                                                  [0m[48;2;39;39;39m [0m[48;2;39;39;39m [0m[48;2;18;18;18m                          [0m[48;2;18;18;18m [0m
[32;1H[48;2;18;18;18m [0m[48;2;18;18;18m                      [0m[48;2;39;39;39m   [0m[48;2;39;39;39m                                                                                               [0m[48;2;39;39;39m [0m[48;2;39;39;39m [0m[48;2;18;18;18m                          [0m[48;2;18;18;18m [0m
[33;1H[48;2;18;18;18m [0m[48;2;18;18;18m                      [0m[38;2;18;18;18;48;2;30;30;30m▔▔▔▔▔▔▔▔▔▔▔▔▔▔▔▔▔▔▔▔▔▔▔▔▔▔▔▔▔▔▔▔▔▔▔▔▔▔▔▔▔▔▔▔▔▔▔▔▔▔▔▔▔▔▔▔▔▔▔▔▔▔▔▔▔▔▔▔▔▔▔▔▔▔▔▔▔▔▔▔▔▔▔▔▔▔▔▔▔▔▔▔▔▔▔▔▔▔▔▔[0m[48;2;18;18;18m                          [0m[48;2;18;18;18m [0m
[34;1H[48;2;18;18;18m [0m[48;2;18;18;18m                      [0m[48;2;30;30;30m [0m[38;2;224;224;224;48;2;30;30;30m▶ Textual Interfaces[0m[48;2;30;30;30m [0m[48;2;30;30;30m                                                                              [0m[48;2;18;18;18m                          [0m[48;2;18;18;18m [0m
[35;1H[48;2;18;18;18m [0m[48;2;18;18;18m                      [0m[48;2;30;30;30m                                                                                                    [0m[48;2;18;18;18m                          [0m[48;2;18;18;18m [0m
[36;1H[48;2;18;18;18m [0m[48;2;18;18;18m                      [0m[38;2;18;18;18;48;2;30;30;30m▔▔▔▔▔▔▔▔▔▔▔▔▔▔▔▔▔▔▔▔▔▔▔▔▔▔▔▔▔▔▔▔▔▔▔▔▔▔▔▔▔▔▔▔▔▔▔▔▔▔▔▔▔▔▔▔▔▔▔▔▔▔▔▔▔▔▔▔▔▔▔▔▔▔▔▔▔▔▔▔▔▔▔▔▔▔▔▔▔▔▔▔▔▔▔▔▔▔▔▔[0m[48;2;18;18;18m                          [0m[48;2;18;18;18m [0m
[37;1H[48;2;18;18;18m [0m[48;2;18;18;18m                      [0m[48;2;30;30;30m [0m[38;2;224;224;224;48;2;30;30;30m▶ Textual API[0m[48;2;30;30;30m [0m[48;2;30;30;30m                                                                                     [0m[48;2;18;18;18m                          [0m[48;2;18;18;18m [0m
[38;1H[48;2;18;18;18m [0m[48;2;18;18;18m                      [0m[48;2;30;30;30m                                                                                                    [0m[48;2;18;18;18m                          [0m[48;2;18;18;18m [0m
[39;1H[48;2;18;18;18m [0m[48;2;18;18;18m                      [0m[38;2;18;18;18;48;2;30;30;30m▔▔▔▔▔▔▔▔▔▔▔▔▔▔▔▔▔▔▔▔▔▔▔▔▔▔▔▔▔▔▔▔▔▔▔▔▔▔▔▔▔▔▔▔▔▔▔▔▔▔▔▔▔▔▔▔▔▔▔▔▔▔▔▔▔▔▔▔▔▔▔▔▔▔▔▔▔▔▔▔▔▔▔▔▔▔▔▔▔▔▔▔▔▔▔▔▔▔▔▔[0m[48;2;18;18;18m                          [0m[48;2;18;18;18m [0m
[40;1H[48;2;18;18;18m [0m[48;2;18;18;18m                      [0m[48;2;30;30;30m [0m[38;2;224;224;224;48;2;30;30;30m▶ Deploying Textual apps[0m[48;2;30;30;30m [0m[48;2;30;30;30m                                                                          [0m[48;2;18;18;18m                          [0m[48;2;18;18;18m [0m
[41;1H[48;2;18;18;18m [0m[48;2;18;18;18m                      [0m[48;2;30;30;30m                                                                                                    [0m[48;2;18;18;18m                          [0m[48;2;18;18;18m [0m
[42;1H[48;2;18;18;18m [0m[48;2;18;18;18m                                                                                                                                                    [0m[48;2;18;18;18m [0m
[43;1H[48;2;18;18;18m [0m[48;2;18;18;18m                                                                                                                                                    [0m[48;2;18;18;18m [0m
[44;1H[1;38;2;255;166;43;48;2;36;47;56m c [0m[38;2;224;224;224;48;2;36;47;56mCode [0m[1;38;2;180;125;47;48;2;36;47;56m h [0m[38;2;160;163;166;48;2;36;47;56mHome [0m[1;38;2;255;166;43;48;2;36;47;56m g [0m[38;2;224;224;224;48;2;36;47;56mGame [0m[1;38;2;255;166;43;48;2;36;47;56m p [0m[38;2;224;224;224;48;2;36;47;56mProjects [0m[1;38;2;255;166;43;48;2;36;47;56m w [0m[38;2;224;224;224;48;2;36;47;56mWidgets [0m[1;38;2;255;166;43;48;2;36;47;56m ^s [0m[38;2;224;224;224;48;2;36;47;56mScreenshot [0m[1;38;2;255;166;43;48;2;36;47;56m ^a [0m[38;2;224;224;224;48;2;36;47;56mMaximize [0m[48;2;36;47;56m                                                               [0m[38;2;73;82;89;48;2;36;47;56m▏[0m[1;38;2;255;166;43;48;2;36;47;56m^p[0m[38;2;224;224;224;48;2;36;47;56m palette[0m[48;2;36;47;56m [0m[1;1H[1;1H[38;2;1;120;212;48;2;27;27;27m                                                                                                                                                      [0m
[2;1H[38;2;1;120;212;48;2;27;27;27m                                                                                                                                                      [0m
[3;1H[38;2;1;120;212;48;2;27;27;27m                                                                      [0m[38;2;20;126;219;48;2;27;27;27m● [0m[38;2;23;36;45;48;2;27;27;27m● [0m[38;2;23;37;48;48;2;27;27;27m● [0m[38;2;21;43;61;48;2;27;27;27m● [0m[38;2;18;53;80;48;2;27;27;27m●[0m[38;2;1;120;212;48;2;27;27;27m                                                                       [0m
[4;1H[38;2;1;120;212;48;2;27;27;27m                                                                                                                                                      [0m
[5;1H[38;2;1;120;212;48;2;27;27;27m                                                                                                                                                      [0m
[6;1H[38;2;1;120;212;48;2;27;27;27m                                                                                                                                                      [0m[1;1H[1;1H[38;2;1;120;212;48;2;27;27;27m                                                                                                                                                      [0m
[2;1H[38;2;1;120;212;48;2;27;27;27m                                                                                                                                                      [0m
[3;1H[38;2;1;120;212;48;2;27;27;27m                                                                      [0m[38;2;5;121;213;48;2;27;27;27m● [0m[38;2;53;140;235;48;2;27;27;27m● [0m[38;2;23;36;46;48;2;27;27;27m● [0m[38;2;21;41;56;48;2;27;27;27m● [0m[38;2;19;49;73;48;2;27;27;27m●[0m[38;2;1;120;212;48;2;27;27;27m                                                                       [0m
[4;1H[38;2;1;120;212;48;2;27;27;27m                                                                                                                                                      [0m
[5;1H[38;2;1;120;212;48;2;27;27;27m                                                                                                                                                      [0m
[6;1H[38;2;1;120;212;48;2;27;27;27m                                                                                                                                                      [0m[1;1H[1;1H[38;2;1;120;212;48;2;27;27;27m                                                                                                                                                      [0m
[2;1H[38;2;1;120;212;48;2;27;27;27m                                                                                                                                                      [0m
[3;1H[38;2;1;120;212;48;2;27;27;27m                                                                      [0m[38;2;2;111;196;48;2;27;27;27m● [0m[38;2;32;132;225;48;2;27;27;27m● [0m[38;2;23;36;45;48;2;27;27;27m● [0m[38;2;22;38;51;48;2;27;27;27m● [0m[38;2;20;46;65;48;2;27;27;27m●[0m[38;2;1;120;212;48;2;27;27;27m                                                                       [0m
[4;1H[38;2;1;120;212;48;2;27;27;27m                                                                                                                                                      [0m
[5;1H[38;2;1;120;212;48;2;27;27;27m                                                                                                                                                      [0m
[6;1H[38;2;1;120;212;48;2;27;27;27m                                                                                                                                                      [0m[1;1H[1;1H[38;2;1;120;212;48;2;27;27;27m                                                                                                                                                      [0m
[2;1H[38;2;1;120;212;48;2;27;27;27m                                                                                                                                                      [0m
[3;1H[38;2;1;120;212;48;2;27;27;27m                                                                      [0m[38;2;5;102;178;48;2;27;27;27m● [0m[38;2;13;124;217;48;2;27;27;27m● [0m[38;2;63;144;239;48;2;27;27;27m● [0m[38;2;23;37;47;48;2;27;27;27m● [0m[38;2;21;43;59;48;2;27;27;27m●[0m[38;2;1;120;212;48;2;27;27;27m                                                                       [0m
[4;1H[38;2;1;120;212;48;2;27;27;27m                                                                                                                                                      [0m
[5;1H[38;2;1;120;212;48;2;27;27;27m                                                                                                                                                      [0m
[6;1H[38;2;1;120;212;48;2;27;27;27m                                                                                                                                                      [0m[1;1H[1;1H[38;2;1;120;212;48;2;27;27;27m                                                                                                                                                      [0m
[2;1H[38;2;1;120;212;48;2;27;27;27m                                                                                                                                                      [0m
[3;1H[38;2;1;120;212;48;2;27;27;27m                                                                      [0m[38;2;7;93;160;48;2;27;27;27m● [0m[38;2;1;116;206;48;2;27;27;27m● [0m[38;2;42;136;230;48;2;27;27;27m● [0m[38;2;23;36;46;48;2;27;27;27m● [0m[38;2;22;39;53;48;2;27;27;27m●[0m[38;2;1;120;212;48;2;27;27;27m                                                                       [0m
[4;1H[38;2;1;120;212;48;2;27;27;27m                                                                                                                                                      [0m
[5;1H[38;2;1;120;212;48;2;27;27;27m                                                                                                                                                      [0m
[6;1H[38;2;1;120;212;48;2;27;27;27m                                                                                                                                                      [0m[1;1H[1;1H[38;2;1;120;212;48;2;27;27;27m                                                                                                                                                      [0m
[2;1H[38;2;1;120;212;48;2;27;27;27m                                                                                                                                                      [0m
[3;1H[38;2;1;120;212;48;2;27;27;27m                                                                      [0m[38;2;9;85;144;48;2;27;27;27m● [0m[38;2;3;107;187;48;2;27;27;27m● [0m[38;2;22;127;220;48;2;27;27;27m● [0m[38;2;23;36;45;48;2;27;27;27m● [0m[38;2;22;38;49;48;2;27;27;27m●[0m[38;2;1;120;212;48;2;27;27;27m                                                                       [0m
[4;1H[38;2;1;120;212;48;2;27;27;27m                                                                                                                                                      [0m
[5;1H[38;2;1;120;212;48;2;27;27;27m                                                                                                                                                      [0m
[6;1H[38;2;1;120;212;48;2;27;27;27m                                                                                                                                                      [0m[1;1H[1;1H[38;2;1;120;212;48;2;27;27;27m                                                                                                                                                      [0m
[2;1H[38;2;1;120;212;48;2;27;27;27m                                                                                                                                                      [0m
[3;1H[38;2;1;120;212;48;2;27;27;27m                                                                      [0m[38;2;11;78;129;48;2;27;27;27m● [0m[38;2;6;98;169;48;2;27;27;27m● [0m[38;2;5;121;213;48;2;27;27;27m● [0m[38;2;52;139;234;48;2;27;27;27m● [0m[38;2;23;36;46;48;2;27;27;27m●[0m[38;2;1;120;212;48;2;27;27;27m                                                                       [0m
[4;1H[38;2;1;120;212;48;2;27;27;27m                                                                                                                                                      [0m
[5;1H[38;2;1;120;212;48;2;27;27;27m                                                                                                                                                      [0m
[6;1H[38;2;1;120;212;48;2;27;27;27m                                                                                                                                                      [0m[1;1H[1;1H[38;2;1;120;212;48;2;27;27;27m                                                                                                                                                      [0m
[2;1H[38;2;1;120;212;48;2;27;27;27m                                                                                                                                                      [0m
[3;1H[38;2;1;120;212;48;2;27;27;27m                                                                      [0m[38;2;13;71;116;48;2;27;27;27m● [0m[38;2;8;89;152;48;2;27;27;27m● [0m[38;2;2;111;196;48;2;27;27;27m● [0m[38;2;32;132;225;48;2;27;27;27m● [0m[38;2;23;36;45;48;2;27;27;27m●[0m[38;2;1;120;212;48;2;27;27;27m                                                                       [0m
[4;1H[38;2;1;120;212;48;2;27;27;27m                                                                                                                                                      [0m
[5;1H[38;2;1;120;212;48;2;27;27;27m                                                                                                                                                      [0m
[6;1H[38;2;1;120;212;48;2;27;27;27m                                                                                                                                                      [0m[1;1H[1;1H[38;2;1;120;212;48;2;27;27;27m                                                                                                                                                      [0m
[2;1H[38;2;1;120;212;48;2;27;27;27m                                                                                                                                                      [0m
[3;1H[38;2;1;120;212;48;2;27;27;27m                                                                      [0m[38;2;15;65;103;48;2;27;27;27m● [0m[38;2;10;82;137;48;2;27;27;27m● [0m[38;2;5;102;178;48;2;27;27;27m● [0m[38;2;13;124;217;48;2;27;27;27m● [0m[38;2;63;144;239;48;2;27;27;27m●[0m[38;2;1;120;212;48;2;27;27;27m                                                                       [0m
[4;1H[38;2;1;120;212;48;2;27;27;27m                                                                                                                                                      [0m
[5;1H[38;2;1;120;212;48;2;27;27;27m                                                                                                                                                      [0m
[6;1H[38;2;1;120;212;48;2;27;27;27m                                                                                                                                                      [0m[1;1H[1;1H[38;2;1;120;212;48;2;27;27;27m                                                                                                                                                      [0m
[2;1H[38;2;1;120;212;48;2;27;27;27m                                                                                                                                                      [0m
[3;1H[38;2;1;120;212;48;2;27;27;27m                                                                      [0m[38;2;17;59;92;48;2;27;27;27m● [0m[38;2;12;75;122;48;2;27;27;27m● [0m[38;2;7;93;160;48;2;27;27;27m● [0m[38;2;1;116;206;48;2;27;27;27m● [0m[38;2;42;136;230;48;2;27;27;27m●[0m[38;2;1;120;212;48;2;27;27;27m                                                                       [0m
[4;1H[38;2;1;120;212;48;2;27;27;27m                                                                                                                                                      [0m
[5;1H[38;2;1;120;212;48;2;27;27;27m                                                                                                                                                      [0m
[6;1H[38;2;1;120;212;48;2;27;27;27m                                                                                                                                                      [0m[1;1H[1;1H[38;2;1;120;212;48;2;27;27;27m                                                                                                                                                      [0m
[2;1H[38;2;1;120;212;48;2;27;27;27m                                                                                                                                                      [0m
[3;1H[38;2;1;120;212;48;2;27;27;27m                                                                      [0m[38;2;18;54;82;48;2;27;27;27m● [0m[38;2;14;68;110;48;2;27;27;27m● [0m[38;2;9;85;145;48;2;27;27;27m● [0m[38;2;3;107;187;48;2;27;27;27m● [0m[38;2;23;128;221;48;2;27;27;27m●[0m[38;2;1;120;212;48;2;27;27;27m                                                                       [0m
[4;1H[38;2;1;120;212;48;2;27;27;27m                                                                                                                                                      [0m
[5;1H[38;2;1;120;212;48;2;27;27;27m                                                                                                                                                      [0m
[6;1H[38;2;1;120;212;48;2;27;27;27m                                                                                                                                                      [0m[1;1H[1;1H[38;2;1;120;212;48;2;27;27;27m                                                                                                                                                      [0m
[2;1H[38;2;1;120;212;48;2;27;27;27m                                                                                                                                                      [0m
[3;1H[38;2;1;120;212;48;2;27;27;27m                                                                      [0m[38;2;19;49;73;48;2;27;27;27m● [0m[38;2;16;61;97;48;2;27;27;27m● [0m[38;2;11;78;129;48;2;27;27;27m● [0m[38;2;6;98;169;48;2;27;27;27m● [0m[38;2;5;121;213;48;2;27;27;27m●[0m[38;2;1;120;212;48;2;27;27;27m                                                                       [0m
[4;1H[38;2;1;120;212;48;2;27;27;27m                                                                                                                                                      [0m
[5;1H[38;2;1;120;212;48;2;27;27;27m                                                                                                                                                      [0m
[6;1H[38;2;1;120;212;48;2;27;27;27m                                                                                                                                                      [0m[1;1H[1;1H[38;2;1;120;212;48;2;27;27;27m                                                                                                                                                      [0m
[2;1H[38;2;1;120;212;48;2;27;27;27m                                                                                                                                                      [0m
[3;1H[38;2;1;120;212;48;2;27;27;27m                                                                      [0m[38;2;20;46;65;48;2;27;27;27m● [0m[38;2;17;57;86;48;2;27;27;27m● [0m[38;2;13;71;116;48;2;27;27;27m● [0m[38;2;8;89;152;48;2;27;27;27m● [0m[38;2;2;111;196;48;2;27;27;27m●[0m[38;2;1;120;212;48;2;27;27;27m                                                                       [0m
[4;1H[38;2;1;120;212;48;2;27;27;27m                                                                                                                                                      [0m
[5;1H[38;2;1;120;212;48;2;27;27;27m                                                                                                                                                      [0m
[6;1H[38;2;1;120;212;48;2;27;27;27m                                                                                                                                                      [0m[1;1H[1;1H[38;2;1;120;212;48;2;27;27;27m                                                                                                                                                      [0m
[2;1H[38;2;1;120;212;48;2;27;27;27m                                                                                                                                                      [0m
[3;1H[38;2;1;120;212;48;2;27;27;27m                                                                      [0m[38;2;21;43;59;48;2;27;27;27m● [0m[38;2;19;52;78;48;2;27;27;27m● [0m[38;2;15;65;103;48;2;27;27;27m● [0m[38;2;10;82;137;48;2;27;27;27m● [0m[38;2;5;102;178;48;2;27;27;27m●[0m[38;2;1;120;212;48;2;27;27;27m                                                                       [0m
[4;1H[38;2;1;120;212;48;2;27;27;27m                                                                                                                                                      [0m
[5;1H[38;2;1;120;212;48;2;27;27;27m                                                                                                                                                      [0m
[6;1H[38;2;1;120;212;48;2;27;27;27m                                                                                                                                                      [0m[1;1H[1;1H[38;2;1;120;212;48;2;27;27;27m                                                                                                                                                      [0m
[2;1H[38;2;1;120;212;48;2;27;27;27m                                                                                                                                                      [0m
[3;1H[38;2;1;120;212;48;2;27;27;27m                                                                      [0m[38;2;22;38;49;48;2;27;27;27m● [0m[38;2;21;44;62;48;2;27;27;27m● [0m[38;2;18;54;82;48;2;27;27;27m● [0m[38;2;14;68;110;48;2;27;27;27m● [0m[38;2;9;86;146;48;2;27;27;27m●[0m[38;2;1;120;212;48;2;27;27;27m                                                                       [0m
[4;1H[38;2;1;120;212;48;2;27;27;27m                                                                                                                                                      [0m
[5;1H[38;2;1;120;212;48;2;27;27;27m                                                                                                                                                      [0m
[6;1H[38;2;1;120;212;48;2;27;27;27m                                                                                                                                                      [0m[1;1H[1;1H[38;2;1;120;212;48;2;27;27;27m                                                                                                                                                      [0m
[2;1H[38;2;1;120;212;48;2;27;27;27m                                                                                                                                                      [0m
[3;1H[38;2;1;120;212;48;2;27;27;27m                                                                      [0m[38;2;23;37;48;48;2;27;27;27m● [0m[38;2;21;43;59;48;2;27;27;27m● [0m[38;2;18;53;79;48;2;27;27;27m● [0m[38;2;15;66;105;48;2;27;27;27m● [0m[38;2;10;82;139;48;2;27;27;27m●[0m[38;2;1;120;212;48;2;27;27;27m                                                                       [0m
[4;1H[38;2;1;120;212;48;2;27;27;27m                                                                                                                                                      [0m
[5;1H[38;2;1;120;212;48;2;27;27;27m                                                                                                                                                      [0m
[6;1H[38;2;1;120;212;48;2;27;27;27m                                                                                                                                                      [0m[1;1H[1;1H[38;2;1;120;212;48;2;27;27;27m                                                                                                                                                      [0m
[2;1H[38;2;1;120;212;48;2;27;27;27m                                                                                                                                                      [0m
[3;1H[38;2;1;120;212;48;2;27;27;27m                                                                      [0m[38;2;23;36;46;48;2;27;27;27m● [0m[38;2;21;41;56;48;2;27;27;27m● [0m[38;2;19;49;73;48;2;27;27;27m● [0m[38;2;15;62;98;48;2;27;27;27m● [0m[38;2;11;78;130;48;2;27;27;27m●[0m[38;2;1;120;212;48;2;27;27;27m                                                                       [0m
[4;1H[38;2;1;120;212;48;2;27;27;27m                                                                                                                                                      [0m
[5;1H[38;2;1;120;212;48;2;27;27;27m                                                                                                                                                      [0m
[6;1H[38;2;1;120;212;48;2;27;27;27m                                                                                                                                                      [0m[1;1H[1;1H[38;2;1;120;212;48;2;27;27;27m                                                                                                                                                      [0m
[2;1H[38;2;1;120;212;48;2;27;27;27m                                                                                                                                                      [0m
[3;1H[38;2;1;120;212;48;2;27;27;27m                                                                      [0m[38;2;23;36;45;48;2;27;27;27m● [0m[38;2;22;38;51;48;2;27;27;27m● [0m[38;2;20;46;65;48;2;27;27;27m● [0m[38;2;17;57;87;48;2;27;27;27m● [0m[38;2;13;71;116;48;2;27;27;27m●[0m[38;2;1;120;212;48;2;27;27;27m                                                                       [0m
[4;1H[38;2;1;120;212;48;2;27;27;27m                                                                                                                                                      [0m
[5;1H[38;2;1;120;212;48;2;27;27;27m                                                                                                                                                      [0m
[6;1H[38;2;1;120;212;48;2;27;27;27m                                                                                                                                                      [0m[1;1H[1;1H[38;2;1;120;212;48;2;27;27;27m                                                                                                                                                      [0m
[2;1H[38;2;1;120;212;48;2;27;27;27m                                                                                                                                                      [0m
[3;1H[38;2;1;120;212;48;2;27;27;27m                                                                      [0m[38;2;63;144;239;48;2;27;27;27m● [0m[38;2;23;37;47;48;2;27;27;27m● [0m[38;2;21;43;59;48;2;27;27;27m● [0m[38;2;19;52;78;48;2;27;27;27m● [0m[38;2;15;65;103;48;2;27;27;27m●[0m[38;2;1;120;212;48;2;27;27;27m                                                                       [0m
[4;1H[38;2;1;120;212;48;2;27;27;27m                                                                                                                                                      [0m
[5;1H[38;2;1;120;212;48;2;27;27;27m                                                                                                                                                      [0m
[6;1H[38;2;1;120;212;48;2;27;27;27m                                                                                                                                                      [0m[1;1H[1;1H[38;2;1;120;212;48;2;27;27;27m                                                                                                                                                      [0m
[2;1H[38;2;1;120;212;48;2;27;27;27m                                                                                                                                                      [0m
[3;1H[38;2;1;120;212;48;2;27;27;27m                                                                      [0m[38;2;42;136;230;48;2;27;27;27m● [0m[38;2;23;36;46;48;2;27;27;27m● [0m[38;2;22;39;53;48;2;27;27;27m● [0m[38;2;19;48;69;48;2;27;27;27m● [0m[38;2;17;59;92;48;2;27;27;27m●[0m[38;2;1;120;212;48;2;27;27;27m                                                                       [0m
[4;1H[38;2;1;120;212;48;2;27;27;27m                                                                                                                                                      [0m
[5;1H[38;2;1;120;212;48;2;27;27;27m                                                                                                                                                      [0m
[6;1H[38;2;1;120;212;48;2;27;27;27m                                                                                                                                                      [0m[1;1H[1;1H[38;2;1;120;212;48;2;27;27;27m                                                                                                                                                      [0m
[2;1H[38;2;1;120;212;48;2;27;27;27m                                                                                                                                                      [0m
[3;1H[38;2;1;120;212;48;2;27;27;27m                                                                      [0m[38;2;23;128;221;48;2;27;27;27m● [0m[38;2;23;36;45;48;2;27;27;27m● [0m[38;2;22;38;49;48;2;27;27;27m● [0m[38;2;21;44;62;48;2;27;27;27m● [0m[38;2;18;54;82;48;2;27;27;27m●[0m[38;2;1;120;212;48;2;27;27;27m                                                                       [0m
[4;1H[38;2;1;120;212;48;2;27;27;27m                                                                                                                                                      [0m
[5;1H[38;2;1;120;212;48;2;27;27;27m                                                                                                                                                      [0m
[6;1H[38;2;1;120;212;48;2;27;27;27m                                                                                                                                                      [0m[1;1H[1;1H[38;2;1;120;212;48;2;27;27;27m                                                                                                                                                      [0m
[2;1H[38;2;1;120;212;48;2;27;27;27m                                                                                                                                                      [0m
[3;1H[38;2;1;120;212;48;2;27;27;27m                                                                      [0m[38;2;5;121;213;48;2;27;27;27m● [0m[38;2;52;139;234;48;2;27;27;27m● [0m[38;2;23;36;46;48;2;27;27;27m● [0m[38;2;21;41;56;48;2;27;27;27m● [0m[38;2;19;49;73;48;2;27;27;27m●[0m[38;2;1;120;212;48;2;27;27;27m                                                                       [0m
[4;1H[38;2;1;120;212;48;2;27;27;27m                                                                                                                                                      [0m
[5;1H[38;2;1;120;212;48;2;27;27;27m                                                                                                                                                      [0m
[6;1H[38;2;1;120;212;48;2;27;27;27m                                                                                                                                                      [0m[1;1H[1;1H[38;2;1;120;212;48;2;27;27;27m                                                                                                                                                      [0m
[2;1H[38;2;1;120;212;48;2;27;27;27m                                                                                                                                                      [0m
[3;1H[38;2;1;120;212;48;2;27;27;27m                                                                      [0m[38;2;2;111;196;48;2;27;27;27m● [0m[38;2;32;132;225;48;2;27;27;27m● [0m[38;2;23;36;45;48;2;27;27;27m● [0m[38;2;22;38;51;48;2;27;27;27m● [0m[38;2;20;46;65;48;2;27;27;27m●[0m[38;2;1;120;212;48;2;27;27;27m                                                                       [0m
[4;1H[38;2;1;120;212;48;2;27;27;27m                                                                                                                                                      [0m
[5;1H[38;2;1;120;212;48;2;27;27;27m                                                                                                                                                      [0m
[6;1H[38;2;1;120;212;48;2;27;27;27m                                                                                                                                                      [0m[1;1H[1;1H[38;2;1;120;212;48;2;27;27;27m                                                                                                                                                      [0m
[2;1H[38;2;1;120;212;48;2;27;27;27m                                                                                                                                                      [0m
[3;1H[38;2;1;120;212;48;2;27;27;27m                                                                      [0m[38;2;5;102;178;48;2;27;27;27m● [0m[38;2;13;124;217;48;2;27;27;27m● [0m[38;2;63;144;239;48;2;27;27;27m● [0m[38;2;23;37;47;48;2;27;27;27m● [0m[38;2;21;43;59;48;2;27;27;27m●[0m[38;2;1;120;212;48;2;27;27;27m                                                                       [0m
[4;1H[38;2;1;120;212;48;2;27;27;27m                                                                                                                                                      [0m
[5;1H[38;2;1;120;212;48;2;27;27;27m                                                                                                                                                      [0m
[6;1H[38;2;1;120;212;48;2;27;27;27m                                                                                                                                                      [0m[1;1H[1;1H[38;2;1;120;212;48;2;27;27;27m                                                                                                                                                      [0m
[2;1H[38;2;1;120;212;48;2;27;27;27m                                                                                                                                                      [0m
[3;1H[38;2;1;120;212;48;2;27;27;27m                                                                      [0m[38;2;7;93;160;48;2;27;27;27m● [0m[38;2;1;116;206;48;2;27;27;27m● [0m[38;2;42;136;230;48;2;27;27;27m● [0m[38;2;23;36;46;48;2;27;27;27m● [0m[38;2;22;39;53;48;2;27;27;27m●[0m[38;2;1;120;212;48;2;27;27;27m                                                                       [0m
[4;1H[38;2;1;120;212;48;2;27;27;27m                                                                                                                                                      [0m
[5;1H[38;2;1;120;212;48;2;27;27;27m                                                                                                                                                      [0m
[6;1H[38;2;1;120;212;48;2;27;27;27m                                                                                                                                                      [0m[1;1H[1;1H[38;2;1;120;212;48;2;27;27;27m                                                                                                                                                      [0m
[2;1H[38;2;1;120;212;48;2;27;27;27m                                                                                                                                                      [0m
[3;1H[38;2;1;120;212;48;2;27;27;27m                                                                      [0m[38;2;9;85;145;48;2;27;27;27m● [0m[38;2;3;107;187;48;2;27;27;27m● [0m[38;2;23;128;221;48;2;27;27;27m● [0m[38;2;23;36;45;48;2;27;27;27m● [0m[38;2;22;38;49;48;2;27;27;27m●[0m[38;2;1;120;212;48;2;27;27;27m                                                                       [0m
[4;1H[38;2;1;120;212;48;2;27;27;27m                                                                                                                                                      [0m
[5;1H[38;2;1;120;212;48;2;27;27;27m                                                                                                                                                      [0m
[6;1H[38;2;1;120;212;48;2;27;27;27m                                                                                                                                                      [0m[1;1H[1;1H[38;2;1;120;212;48;2;27;27;27m                                                                                                                                                      [0m
[2;1H[38;2;1;120;212;48;2;27;27;27m                                                                                                                                                      [0m
[3;1H[38;2;1;120;212;48;2;27;27;27m                                                                      [0m[38;2;11;78;129;48;2;27;27;27m● [0m[38;2;6;98;169;48;2;27;27;27m● [0m[38;2;4;121;213;48;2;27;27;27m● [0m[38;2;52;139;234;48;2;27;27;27m● [0m[38;2;23;36;46;48;2;27;27;27m●[0m[38;2;1;120;212;48;2;27;27;27m                                                                       [0m
[4;1H[38;2;1;120;212;48;2;27;27;27m                                                                                                                                                      [0m
[5;1H[38;2;1;120;212;48;2;27;27;27m                                                                                                                                                      [0m
[6;1H[38;2;1;120;212;48;2;27;27;27m                                                                                                                                                      [0m[1;1H[1;1H[38;2;1;120;212;48;2;27;27;27m                                                                                                                                                      [0m
[2;1H[38;2;1;120;212;48;2;27;27;27m                                                                                                                                                      [0m
[3;1H[38;2;1;120;212;48;2;27;27;27m                                                                      [0m[38;2;13;71;116;48;2;27;27;27m● [0m[38;2;8;89;152;48;2;27;27;27m● [0m[38;2;2;111;196;48;2;27;27;27m● [0m[38;2;32;132;225;48;2;27;27;27m● [0m[38;2;23;36;45;48;2;27;27;27m●[0m[38;2;1;120;212;48;2;27;27;27m                                                                       [0m
[4;1H[38;2;1;120;212;48;2;27;27;27m                                                                                                                                                      [0m
[5;1H[38;2;1;120;212;48;2;27;27;27m                                                                                                                                                      [0m
[6;1H[38;2;1;120;212;48;2;27;27;27m                                                                                                                                                      [0m[1;1H[1;1H[38;2;1;120;212;48;2;27;27;27m                                                                                                                                                      [0m
[2;1H[38;2;1;120;212;48;2;27;27;27m                                                                                                                                                      [0m
[3;1H[38;2;1;120;212;48;2;27;27;27m                                                                      [0m[38;2;15;65;103;48;2;27;27;27m● [0m[38;2;11;81;136;48;2;27;27;27m● [0m[38;2;5;102;177;48;2;27;27;27m● [0m[38;2;13;124;217;48;2;27;27;27m● [0m[38;2;62;144;239;48;2;27;27;27m●[0m[38;2;1;120;212;48;2;27;27;27m                                                                       [0m
[4;1H[38;2;1;120;212;48;2;27;27;27m                                                                                                                                                      [0m
[5;1H[38;2;1;120;212;48;2;27;27;27m                                                                                                                                                      [0m
[6;1H[38;2;1;120;212;48;2;27;27;27m                                                                                                                                                      [0m[1;1H[1;1H[38;2;18;18;18;48;2;27;27;27m▔▔▔▔▔▔▔▔▔▔▔▔▔▔▔▔▔▔▔▔▔▔▔▔▔▔▔▔▔▔▔▔▔▔▔▔▔▔▔▔▔▔▔▔▔▔▔▔▔▔▔▔▔▔▔▔▔▔▔▔▔▔▔▔▔▔▔▔▔▔▔▔▔▔▔▔▔▔▔▔▔▔▔▔▔▔▔▔▔▔▔▔▔▔▔▔▔▔▔▔▔▔▔▔▔▔▔▔▔▔▔▔▔▔▔▔▔▔▔▔▔▔▔▔▔▔▔▔▔▔▔▔▔▔▔▔▔▔▔▔▔▔▔▔▔▔▔▔▔▔[0m
[2;1H[48;2;27;27;27m [0m[48;2;27;27;27m                        [0m[2;26H[1;38;2;224;224;224;48;2;27;27;27mVersion[0m[2;33H[48;2;27;27;27m                          [0m[2;59H[48;2;27;27;27m          [0m[2;69H[1;38;2;224;224;224;48;2;27;27;27mGitHub ★[0m[2;77H[48;2;27;27;27m               [0m[2;92H[48;2;27;27;27m                     [0m[2;113H[1;38;2;224;224;224;48;2;27;27;27mForks[0m[2;118H[48;2;27;27;27m        [0m[2;126H[48;2;27;27;27m                        [0m[48;2;27;27;27m [0m
[3;1H[48;2;27;27;27m [0m[48;2;27;27;27m                        [0m[3;26H[38;2;255;196;115;48;2;27;27;27m╭─╮ ╶╮  ╶╮ [0m[3;37H[48;2;27;27;27m                      [0m[3;59H[48;2;27;27;27m          [0m[3;69H[38;2;255;196;115;48;2;27;27;27m╶─╮╷ ╷ ╭─╮ [0m[3;80H[48;2;27;27;27m            [0m[3;92H[48;2;27;27;27m                     [0m[3;113H[38;2;255;196;115;48;2;27;27;27m╶╮ ╶╮ ╶─╮╭─╴[0m[3;125H[48;2;27;27;27m [0m[3;126H[48;2;27;27;27m                        [0m[48;2;27;27;27m [0m
[4;1H[48;2;27;27;27m [0m[48;2;27;27;27m                        [0m[4;26H[38;2;255;196;115;48;2;27;27;27m├─┤  │   │ [0m[4;37H[48;2;27;27;27m                      [0m[4;59H[48;2;27;27;27m          [0m[4;69H[38;2;255;196;115;48;2;27;27;27m ─┤╰─┤ ├─┤ [0m[4;80H[48;2;27;27;27m            [0m[4;92H[48;2;27;27;27m                     [0m[4;113H[38;2;255;196;115;48;2;27;27;27m │  │ ┌─┘╰─╮[0m[4;125H[48;2;27;27;27m [0m[4;126H[48;2;27;27;27m                        [0m[48;2;27;27;27m [0m
[5;1H[48;2;27;27;27m [0m[48;2;27;27;27m                        [0m[5;26H[38;2;255;196;115;48;2;27;27;27m╰─╯•╶┴╴•╶┴╴[0m[5;37H[48;2;27;27;27m                      [0m[5;59H[48;2;27;27;27m          [0m[5;69H[38;2;255;196;115;48;2;27;27;27m╶─╯  ╵•╰─╯K[0m[5;80H[48;2;27;27;27m            [0m[5;92H[48;2;27;27;27m                     [0m[5;113H[38;2;255;196;115;48;2;27;27;27m╶┴╴╶┴╴╰─╴╶─╯[0m[5;125H[48;2;27;27;27m [0m[5;126H[48;2;27;27;27m                        [0m[48;2;27;27;27m [0m
[6;1H[38;2;18;18;18;48;2;27;27;27m▁▁▁▁▁▁▁▁▁▁▁▁▁▁▁▁▁▁▁▁▁▁▁▁▁▁▁▁▁▁▁▁▁▁▁▁▁▁▁▁▁▁▁▁▁▁▁▁▁▁▁▁▁▁▁▁▁▁▁▁▁▁▁▁▁▁▁▁▁▁▁▁▁▁▁▁▁▁▁▁▁▁▁▁▁▁▁▁▁▁▁▁▁▁▁▁▁▁▁▁▁▁▁▁▁▁▁▁▁▁▁▁▁▁▁▁▁▁▁▁▁▁▁▁▁▁▁▁▁▁▁▁▁▁▁▁▁▁▁▁▁▁▁▁▁▁▁▁▁▁[0m[1;1H[1;1H[38;2;18;18;18;48;2;27;27;27m▔▔▔▔▔▔▔▔▔▔▔▔▔▔▔▔▔▔▔▔▔▔▔▔▔▔▔▔▔▔▔▔▔▔▔▔▔▔▔▔▔▔▔▔▔▔▔▔▔▔▔▔▔▔▔▔▔▔▔▔▔▔▔▔▔▔▔▔▔▔▔▔▔▔▔▔▔▔▔▔▔▔▔▔▔▔▔▔▔▔▔▔▔▔▔▔▔▔▔▔▔▔▔▔▔▔▔▔▔▔▔▔▔▔▔▔▔▔▔▔▔▔▔▔▔▔▔▔▔▔▔▔▔▔▔▔▔▔▔▔▔▔▔▔▔▔▔▔▔▔[0m
[2;1H[48;2;27;27;27m [0m[48;2;27;27;27m                        [0m[2;26H[1;38;2;224;224;224;48;2;27;27;27mVersion[0m[2;33H[48;2;27;27;27m                          [0m[2;59H[48;2;27;27;27m          [0m[2;69H[1;38;2;224;224;224;48;2;27;27;27mGitHub ★[0m[2;77H[48;2;27;27;27m               [0m[2;92H[48;2;27;27;27m                     [0m[2;113H[1;38;2;224;224;224;48;2;27;27;27mForks[0m[2;118H[48;2;27;27;27m        [0m[2;126H[48;2;27;27;27m                        [0m[48;2;27;27;27m [0m
[3;1H[48;2;27;27;27m [0m[48;2;27;27;27m                        [0m[3;26H[38;2;255;196;115;48;2;27;27;27m╭─╮ ╶╮  ╶╮ [0m[3;37H[48;2;27;27;27m                      [0m[3;59H[48;2;27;27;27m          [0m[3;69H[38;2;255;196;115;48;2;27;27;27m╶─╮╷ ╷ ╭─╮ [0m[3;80H[48;2;27;27;27m            [0m[3;92H[48;2;27;27;27m                     [0m[3;113H[38;2;255;196;115;48;2;27;27;27m╶╮ ╶╮ ╶─╮╭─╴[0m[3;125H[48;2;27;27;27m [0m[3;126H[48;2;27;27;27m                        [0m[48;2;27;27;27m [0m
[4;1H[48;2;27;27;27m [0m[48;2;27;27;27m                        [0m[4;26H[38;2;255;196;115;48;2;27;27;27m├─┤  │   │ [0m[4;37H[48;2;27;27;27m                      [0m[4;59H[48;2;27;27;27m          [0m[4;69H[38;2;255;196;115;48;2;27;27;27m ─┤╰─┤ ├─┤ [0m[4;80H[48;2;27;27;27m            [0m[4;92H[48;2;27;27;27m                     [0m[4;113H[38;2;255;196;115;48;2;27;27;27m │  │ ┌─┘╰─╮[0m[4;125H[48;2;27;27;27m [0m[4;126H[48;2;27;27;27m                        [0m[48;2;27;27;27m [0m
[5;1H[48;2;27;27;27m [0m[48;2;27;27;27m                        [0m[5;26H[38;2;255;196;115;48;2;27;27;27m╰─╯•╶┴╴•╶┴╴[0m[5;37H[48;2;27;27;27m                      [0m[5;59H[48;2;27;27;27m          [0m[5;69H[38;2;255;196;115;48;2;27;27;27m╶─╯  ╵•╰─╯K[0m[5;80H[48;2;27;27;27m            [0m[5;92H[48;2;27;27;27m                     [0m[5;113H[38;2;255;196;115;48;2;27;27;27m╶┴╴╶┴╴╰─╴╶─╯[0m[5;125H[48;2;27;27;27m [0m[5;126H[48;2;27;27;27m                        [0m[48;2;27;27;27m [0m
[6;1H[38;2;18;18;18;48;2;27;27;27m▁▁▁▁▁▁▁▁▁▁▁▁▁▁▁▁▁▁▁▁▁▁▁▁▁▁▁▁▁▁▁▁▁▁▁▁▁▁▁▁▁▁▁▁▁▁▁▁▁▁▁▁▁▁▁▁▁▁▁▁▁▁▁▁▁▁▁▁▁▁▁▁▁▁▁▁▁▁▁▁▁▁▁▁▁▁▁▁▁▁▁▁▁▁▁▁▁▁▁▁▁▁▁▁▁▁▁▁▁▁▁▁▁▁▁▁▁▁▁▁▁▁▁▁▁▁▁▁▁▁▁▁▁▁▁▁▁▁▁▁▁▁▁▁▁▁▁▁▁▁[0m[1;1H